<?xml version="1.0" encoding="UTF-8"?>
<!-- Generated by org.testng.reporters.JUnitReportReporter -->
<testsuite skipped="0" hostname="WUK3036115" name="TestGetRequest_Lamba" tests="1" failures="0" timestamp="2020-10-23T17:11:55 BST" time="4.075" errors="0">
  <testcase name="invokePostRequest" time="4.075" classname="TestGetRequest_Lamba"/>
  <system-out/>
</testsuite> <!-- TestGetRequest_Lamba -->
